2026-02-08 17:01:20 INFO  Utils:112 - [TestNG] Running:
  C:\Users\2457327\AppData\Local\JetBrains\IdeaIC2025.2\temp-testng-customsuite.xml

2026-02-08 17:02:49 INFO  Utils:112 - [TestNG] Running:
  C:\Users\2457327\IdeaProjects\Automating_EMICaluculator\testng.xml

2026-02-08 17:03:05 INFO  ExtentReportManager:76 - Test method passed with: navigate_to_home_loan_page
2026-02-08 17:03:07 INFO  ExtentReportManager:76 - Test method passed with: check_EMI_calculator
2026-02-08 17:03:10 INFO  ExtentReportManager:76 - Test method passed with: check_Loan_Amount_calculator
2026-02-08 17:03:12 INFO  ExtentReportManager:76 - Test method passed with: check_Loan_tenure_calculator
2026-02-08 17:03:29 INFO  Test_EmiCalculator:19 - -----Stated CarEmiTestCase-----
2026-02-08 17:03:29 INFO  Test_EmiCalculator:23 - -----opencarLoanTab-----
2026-02-08 17:03:29 INFO  Test_EmiCalculator:26 - -----Starting data Entering-----
2026-02-08 17:03:30 INFO  Test_EmiCalculator:29 - -----Entered Loan Amount-----
2026-02-08 17:03:30 INFO  Test_EmiCalculator:32 - -----Entered Interest Rate-----
2026-02-08 17:03:31 INFO  Test_EmiCalculator:35 - -----Entered Tenure-----
2026-02-08 17:03:31 INFO  Test_EmiCalculator:38 - -----TotalAmount-----
2026-02-08 17:03:31 INFO  EmiCalculatorPage:88 - Got Interest Amount
2026-02-08 17:03:31 INFO  EmiCalculatorPage:90 - Got EMI Amount
2026-02-08 17:03:31 INFO  EmiCalculatorPage:92 - Got Total Amount
2026-02-08 17:03:32 INFO  EmiCalculatorPage:97 - Data added to ExcelSheet
2026-02-08 17:03:32 INFO  ExtentReportManager:76 - Test method passed with: verifyCarLoanMonthlyBreakup
2026-02-08 17:03:32 INFO  Test_EmiCalculator:19 - -----Stated CarEmiTestCase-----
2026-02-08 17:03:32 INFO  Test_EmiCalculator:23 - -----opencarLoanTab-----
2026-02-08 17:03:33 INFO  Test_EmiCalculator:26 - -----Starting data Entering-----
2026-02-08 17:03:33 INFO  Test_EmiCalculator:29 - -----Entered Loan Amount-----
2026-02-08 17:03:33 INFO  Test_EmiCalculator:32 - -----Entered Interest Rate-----
2026-02-08 17:03:33 INFO  Test_EmiCalculator:35 - -----Entered Tenure-----
2026-02-08 17:03:33 INFO  Test_EmiCalculator:38 - -----TotalAmount-----
2026-02-08 17:03:34 INFO  EmiCalculatorPage:88 - Got Interest Amount
2026-02-08 17:03:34 INFO  EmiCalculatorPage:90 - Got EMI Amount
2026-02-08 17:03:34 INFO  EmiCalculatorPage:92 - Got Total Amount
2026-02-08 17:03:34 INFO  EmiCalculatorPage:97 - Data added to ExcelSheet
2026-02-08 17:03:34 INFO  ExtentReportManager:76 - Test method passed with: verifyCarLoanMonthlyBreakup
2026-02-08 17:03:34 INFO  Test_EmiCalculator:19 - -----Stated CarEmiTestCase-----
2026-02-08 17:03:34 INFO  Test_EmiCalculator:23 - -----opencarLoanTab-----
2026-02-08 17:03:35 INFO  Test_EmiCalculator:26 - -----Starting data Entering-----
2026-02-08 17:03:35 INFO  Test_EmiCalculator:29 - -----Entered Loan Amount-----
2026-02-08 17:03:35 INFO  Test_EmiCalculator:32 - -----Entered Interest Rate-----
2026-02-08 17:03:36 INFO  Test_EmiCalculator:35 - -----Entered Tenure-----
2026-02-08 17:03:36 INFO  Test_EmiCalculator:38 - -----TotalAmount-----
2026-02-08 17:03:36 INFO  EmiCalculatorPage:88 - Got Interest Amount
2026-02-08 17:03:36 INFO  EmiCalculatorPage:90 - Got EMI Amount
2026-02-08 17:03:36 INFO  EmiCalculatorPage:92 - Got Total Amount
2026-02-08 17:03:37 INFO  EmiCalculatorPage:97 - Data added to ExcelSheet
2026-02-08 17:03:37 INFO  ExtentReportManager:76 - Test method passed with: verifyCarLoanMonthlyBreakup
2026-02-08 17:03:37 INFO  Test_EmiCalculator:19 - -----Stated CarEmiTestCase-----
2026-02-08 17:03:37 INFO  Test_EmiCalculator:23 - -----opencarLoanTab-----
2026-02-08 17:03:38 INFO  Test_EmiCalculator:26 - -----Starting data Entering-----
2026-02-08 17:03:38 INFO  Test_EmiCalculator:29 - -----Entered Loan Amount-----
2026-02-08 17:03:39 INFO  Test_EmiCalculator:32 - -----Entered Interest Rate-----
2026-02-08 17:03:39 INFO  Test_EmiCalculator:35 - -----Entered Tenure-----
2026-02-08 17:03:39 INFO  Test_EmiCalculator:38 - -----TotalAmount-----
2026-02-08 17:03:40 INFO  EmiCalculatorPage:88 - Got Interest Amount
2026-02-08 17:03:40 INFO  EmiCalculatorPage:90 - Got EMI Amount
2026-02-08 17:03:40 INFO  EmiCalculatorPage:92 - Got Total Amount
2026-02-08 17:03:41 INFO  EmiCalculatorPage:97 - Data added to ExcelSheet
2026-02-08 17:03:41 INFO  ExtentReportManager:76 - Test method passed with: verifyCarLoanMonthlyBreakup
2026-02-08 17:03:54 ERROR ExtentReportManager:86 - Test method failed: fillHomeLoanForm
